# JRE version: OpenJDK Runtime Environment Temurin-17.0.7+7 (17.0.7+7) (build 17.0.7+7)
# Java VM: OpenJDK 64-Bit Server VM Temurin-17.0.7+7 (17.0.7+7, mixed mode, tiered, compressed oops, compressed class ptrs, g1 gc, windows-amd64)
GC Precious Log:
 CPUs: 4 total, 4 available
 Memory: 16263M
 Large Page Support: Disabled
 NUMA Support: Disabled
 Compressed Oops: Enabled (Zero based)
 Heap Region Size: 2M
 Heap Min Capacity: 8M
 Heap Initial Capacity: 256M
 Heap Max Capacity: 4066M
 Pre-touch: Disabled
 Parallel Workers: 4
 Concurrent Workers: 1
 Concurrent Refinement Workers: 4
 Periodic GC: Disabled
Heap:
 garbage-first heap   total 149504K, used 32663K [0x0000000701e00000, 0x0000000800000000)
  region size 2048K, 6 young (12288K), 2 survivors (4096K)
 Metaspace       used 36025K, committed 36288K, reserved 1114112K
  class space    used 3852K, committed 3968K, reserved 1048576K
GC Heap History (18 events):
Event: 0.988 GC heap before
{Heap before GC invocations=0 (full 0):
 garbage-first heap   total 262144K, used 12288K [0x0000000701e00000, 0x0000000800000000)
  region size 2048K, 6 young (12288K), 0 survivors (0K)
 Metaspace       used 12336K, committed 12416K, reserved 1114112K
  class space    used 1107K, committed 1152K, reserved 1048576K
}
Event: 0.994 GC heap after
{Heap after GC invocations=1 (full 0):
 garbage-first heap   total 262144K, used 3705K [0x0000000701e00000, 0x0000000800000000)
  region size 2048K, 1 young (2048K), 1 survivors (2048K)
 Metaspace       used 12336K, committed 12416K, reserved 1114112K
  class space    used 1107K, committed 1152K, reserved 1048576K
}
Event: 1.368 GC heap before
{Heap before GC invocations=1 (full 0):
 garbage-first heap   total 262144K, used 11897K [0x0000000701e00000, 0x0000000800000000)
  region size 2048K, 6 young (12288K), 1 survivors (2048K)
 Metaspace       used 15318K, committed 15424K, reserved 1114112K
  class space    used 1515K, committed 1536K, reserved 1048576K
}
Event: 1.373 GC heap after
{Heap after GC invocations=2 (full 0):
 garbage-first heap   total 262144K, used 4490K [0x0000000701e00000, 0x0000000800000000)
  region size 2048K, 1 young (2048K), 1 survivors (2048K)
 Metaspace       used 15318K, committed 15424K, reserved 1114112K
  class space    used 1515K, committed 1536K, reserved 1048576K
}
Event: 2.024 GC heap before
{Heap before GC invocations=2 (full 0):
 garbage-first heap   total 262144K, used 31114K [0x0000000701e00000, 0x0000000800000000)
  region size 2048K, 14 young (28672K), 1 survivors (2048K)
 Metaspace       used 18389K, committed 18560K, reserved 1114112K
  class space    used 1901K, committed 1984K, reserved 1048576K
}
Event: 2.026 GC heap after
{Heap after GC invocations=3 (full 0):
 garbage-first heap   total 262144K, used 5399K [0x0000000701e00000, 0x0000000800000000)
  region size 2048K, 1 young (2048K), 1 survivors (2048K)
 Metaspace       used 18389K, committed 18560K, reserved 1114112K
  class space    used 1901K, committed 1984K, reserved 1048576K
}
Event: 2.625 GC heap before
{Heap before GC invocations=3 (full 0):
 garbage-first heap   total 262144K, used 21783K [0x0000000701e00000, 0x0000000800000000)
  region size 2048K, 10 young (20480K), 1 survivors (2048K)
 Metaspace       used 21385K, committed 21504K, reserved 1114112K
  class space    used 2297K, committed 2368K, reserved 1048576K
}
Event: 2.630 GC heap after
{Heap after GC invocations=4 (full 0):
 garbage-first heap   total 262144K, used 6789K [0x0000000701e00000, 0x0000000800000000)
  region size 2048K, 2 young (4096K), 2 survivors (4096K)
 Metaspace       used 21385K, committed 21504K, reserved 1114112K
  class space    used 2297K, committed 2368K, reserved 1048576K
}
Event: 3.305 GC heap before
{Heap before GC invocations=5 (full 0):
 garbage-first heap   total 34816K, used 25221K [0x0000000701e00000, 0x0000000800000000)
  region size 2048K, 12 young (24576K), 2 survivors (4096K)
 Metaspace       used 24607K, committed 24768K, reserved 1114112K
  class space    used 2651K, committed 2752K, reserved 1048576K
}
Event: 3.316 GC heap after
{Heap after GC invocations=6 (full 0):
 garbage-first heap   total 34816K, used 9195K [0x0000000701e00000, 0x0000000800000000)
  region size 2048K, 3 young (6144K), 3 survivors (6144K)
 Metaspace       used 24607K, committed 24768K, reserved 1114112K
  class space    used 2651K, committed 2752K, reserved 1048576K
}
Event: 3.355 GC heap before
{Heap before GC invocations=6 (full 0):
 garbage-first heap   total 34816K, used 11243K [0x0000000701e00000, 0x0000000800000000)
  region size 2048K, 4 young (8192K), 3 survivors (6144K)
 Metaspace       used 24636K, committed 24832K, reserved 1114112K
  class space    used 2651K, committed 2752K, reserved 1048576K
}
Event: 3.369 GC heap after
{Heap after GC invocations=7 (full 0):
 garbage-first heap   total 34816K, used 9816K [0x0000000701e00000, 0x0000000800000000)
  region size 2048K, 1 young (2048K), 1 survivors (2048K)
 Metaspace       used 24636K, committed 24832K, reserved 1114112K
  class space    used 2651K, committed 2752K, reserved 1048576K
}
Event: 3.607 GC heap before
{Heap before GC invocations=7 (full 0):
 garbage-first heap   total 34816K, used 22104K [0x0000000701e00000, 0x0000000800000000)
  region size 2048K, 7 young (14336K), 1 survivors (2048K)
 Metaspace       used 25047K, committed 25280K, reserved 1114112K
  class space    used 2683K, committed 2816K, reserved 1048576K
}
Event: 3.612 GC heap after
{Heap after GC invocations=8 (full 0):
 garbage-first heap   total 149504K, used 11790K [0x0000000701e00000, 0x0000000800000000)
  region size 2048K, 1 young (2048K), 1 survivors (2048K)
 Metaspace       used 25047K, committed 25280K, reserved 1114112K
  class space    used 2683K, committed 2816K, reserved 1048576K
}
Event: 5.975 GC heap before
{Heap before GC invocations=8 (full 0):
 garbage-first heap   total 149504K, used 105998K [0x0000000701e00000, 0x0000000800000000)
  region size 2048K, 43 young (88064K), 1 survivors (2048K)
 Metaspace       used 32097K, committed 32320K, reserved 1114112K
  class space    used 3426K, committed 3520K, reserved 1048576K
}
Event: 5.992 GC heap after
{Heap after GC invocations=9 (full 0):
 garbage-first heap   total 149504K, used 20632K [0x0000000701e00000, 0x0000000800000000)
  region size 2048K, 6 young (12288K), 6 survivors (12288K)
 Metaspace       used 32097K, committed 32320K, reserved 1114112K
  class space    used 3426K, committed 3520K, reserved 1048576K
}
Event: 7.308 GC heap before
{Heap before GC invocations=9 (full 0):
 garbage-first heap   total 149504K, used 63640K [0x0000000701e00000, 0x0000000800000000)
  region size 2048K, 28 young (57344K), 6 survivors (12288K)
 Metaspace       used 35672K, committed 35968K, reserved 1114112K
  class space    used 3819K, committed 3968K, reserved 1048576K
}
Event: 7.321 GC heap after
{Heap after GC invocations=10 (full 0):
 garbage-first heap   total 149504K, used 22423K [0x0000000701e00000, 0x0000000800000000)
  region size 2048K, 2 young (4096K), 2 survivors (4096K)
 Metaspace       used 35672K, committed 35968K, reserved 1114112K
  class space    used 3819K, committed 3968K, reserved 1048576K
}

